<?xml version="1.0" encoding="UTF-8"?>
<!-- Generated by org.testng.reporters.JUnitXMLReporter -->
<testsuite ignored="3" hostname="DESKTOP-GJNDS4M" failures="0" tests="1" name="Default test" time="5.743" errors="0" timestamp="28 Oct 2021 02:48:30 GMT">
  <testcase classname="edu.learning.SeleniumPractise.DiffernetWebElements" name="workingonAlerts" time="3.482"/>
  <testcase classname="edu.learning.SeleniumPractise.DiffernetWebElements" name="workonHyperLInk" time="0.0">
    <ignored/>
  </testcase> <!-- workonHyperLInk -->
  <testcase classname="edu.learning.SeleniumPractise.DiffernetWebElements" name="workOnEditElements" time="0.0">
    <ignored/>
  </testcase> <!-- workOnEditElements -->
  <testcase classname="edu.learning.SeleniumPractise.DiffernetWebElements" name="workingonFrames" time="0.0">
    <ignored/>
  </testcase> <!-- workingonFrames -->
</testsuite> <!-- Default test -->
