<?xml version="1.0" encoding="UTF-8"?>
<testng-results ignored="3" total="4" passed="1" failed="0" skipped="0">
  <reporter-output>
  </reporter-output>
  <suite started-at="2021-10-28T02:48:24Z" name="Default suite" finished-at="2021-10-28T02:48:30Z" duration-ms="5743">
    <groups>
    </groups>
    <test started-at="2021-10-28T02:48:24Z" name="Default test" finished-at="2021-10-28T02:48:30Z" duration-ms="5743">
      <class name="edu.learning.SeleniumPractise.DiffernetWebElements">
        <test-method is-config="true" signature="startReport()[pri:0, instance:edu.learning.SeleniumPractise.DiffernetWebElements@7bd69e82]" started-at="2021-10-28T02:48:24Z" name="startReport" finished-at="2021-10-28T02:48:24Z" duration-ms="136" status="PASS">
          <reporter-output>
          </reporter-output>
        </test-method> <!-- startReport -->
        <test-method is-config="true" signature="gotoUrl()[pri:0, instance:edu.learning.SeleniumPractise.DiffernetWebElements@7bd69e82]" started-at="2021-10-28T02:48:24Z" name="gotoUrl" finished-at="2021-10-28T02:48:26Z" duration-ms="1818" status="PASS">
          <reporter-output>
          </reporter-output>
        </test-method> <!-- gotoUrl -->
        <test-method signature="workingonAlerts()[pri:0, instance:edu.learning.SeleniumPractise.DiffernetWebElements@7bd69e82]" started-at="2021-10-28T02:48:26Z" name="workingonAlerts" finished-at="2021-10-28T02:48:29Z" duration-ms="3482" status="PASS">
          <reporter-output>
          </reporter-output>
        </test-method> <!-- workingonAlerts -->
        <test-method is-config="true" signature="endReport()[pri:0, instance:edu.learning.SeleniumPractise.DiffernetWebElements@7bd69e82]" started-at="2021-10-28T02:48:29Z" name="endReport" finished-at="2021-10-28T02:48:30Z" duration-ms="290" status="PASS">
          <reporter-output>
          </reporter-output>
        </test-method> <!-- endReport -->
      </class> <!-- edu.learning.SeleniumPractise.DiffernetWebElements -->
    </test> <!-- Default test -->
  </suite> <!-- Default suite -->
</testng-results>
